2020/05/21 21:39:09 [notice] 1#1: using the "epoll" event method
2020/05/21 21:39:09 [notice] 1#1: nginx/1.17.10
2020/05/21 21:39:09 [notice] 1#1: built by gcc 9.2.0 (Alpine 9.2.0) 
2020/05/21 21:39:09 [notice] 1#1: OS: Linux 4.19.76-linuxkit
2020/05/21 21:39:09 [notice] 1#1: getrlimit(RLIMIT_NOFILE): 1048576:1048576
2020/05/21 21:40:02 [notice] 1#1: using the "epoll" event method
2020/05/21 21:40:02 [notice] 1#1: nginx/1.17.10
2020/05/21 21:40:02 [notice] 1#1: built by gcc 9.2.0 (Alpine 9.2.0) 
2020/05/21 21:40:02 [notice] 1#1: OS: Linux 4.19.76-linuxkit
2020/05/21 21:40:02 [notice] 1#1: getrlimit(RLIMIT_NOFILE): 1048576:1048576
2020/05/21 21:41:03 [notice] 1#1: using the "epoll" event method
2020/05/21 21:41:03 [notice] 1#1: nginx/1.17.10
2020/05/21 21:41:03 [notice] 1#1: built by gcc 9.2.0 (Alpine 9.2.0) 
2020/05/21 21:41:03 [notice] 1#1: OS: Linux 4.19.76-linuxkit
2020/05/21 21:41:03 [notice] 1#1: getrlimit(RLIMIT_NOFILE): 1048576:1048576
2020/05/21 21:41:03 [notice] 7#7: start worker processes
2020/05/21 21:41:03 [notice] 7#7: start worker process 8
2020/05/21 21:42:03 [notice] 1#1: using the "epoll" event method
2020/05/21 21:42:03 [notice] 1#1: nginx/1.17.10
2020/05/21 21:42:03 [notice] 1#1: built by gcc 9.2.0 (Alpine 9.2.0) 
2020/05/21 21:42:03 [notice] 1#1: OS: Linux 4.19.76-linuxkit
2020/05/21 21:42:03 [notice] 1#1: getrlimit(RLIMIT_NOFILE): 1048576:1048576
2020/05/21 21:43:04 [notice] 1#1: using the "epoll" event method
2020/05/21 21:43:04 [notice] 1#1: nginx/1.17.10
2020/05/21 21:43:04 [notice] 1#1: built by gcc 9.2.0 (Alpine 9.2.0) 
2020/05/21 21:43:04 [notice] 1#1: OS: Linux 4.19.76-linuxkit
2020/05/21 21:43:04 [notice] 1#1: getrlimit(RLIMIT_NOFILE): 1048576:1048576
2020/05/21 21:44:04 [notice] 1#1: using the "epoll" event method
2020/05/21 21:44:04 [notice] 1#1: nginx/1.17.10
2020/05/21 21:44:04 [notice] 1#1: built by gcc 9.2.0 (Alpine 9.2.0) 
2020/05/21 21:44:04 [notice] 1#1: OS: Linux 4.19.76-linuxkit
2020/05/21 21:44:04 [notice] 1#1: getrlimit(RLIMIT_NOFILE): 1048576:1048576
2020/05/21 21:44:04 [notice] 6#6: start worker processes
2020/05/21 21:45:05 [notice] 1#1: using the "epoll" event method
2020/05/21 21:45:05 [notice] 1#1: nginx/1.17.10
2020/05/21 21:45:05 [notice] 1#1: built by gcc 9.2.0 (Alpine 9.2.0) 
2020/05/21 21:45:05 [notice] 1#1: OS: Linux 4.19.76-linuxkit
2020/05/21 21:45:05 [notice] 1#1: getrlimit(RLIMIT_NOFILE): 1048576:1048576
2020/05/21 21:46:05 [notice] 1#1: using the "epoll" event method
2020/05/21 21:46:05 [notice] 1#1: nginx/1.17.10
2020/05/21 21:46:05 [notice] 1#1: built by gcc 9.2.0 (Alpine 9.2.0) 
2020/05/21 21:46:05 [notice] 1#1: OS: Linux 4.19.76-linuxkit
2020/05/21 21:46:05 [notice] 1#1: getrlimit(RLIMIT_NOFILE): 1048576:1048576
2020/05/21 21:46:05 [notice] 6#6: start worker processes
2020/05/21 21:47:06 [notice] 1#1: using the "epoll" event method
2020/05/21 21:47:06 [notice] 1#1: nginx/1.17.10
2020/05/21 21:47:06 [notice] 1#1: built by gcc 9.2.0 (Alpine 9.2.0) 
2020/05/21 21:47:06 [notice] 1#1: OS: Linux 4.19.76-linuxkit
2020/05/21 21:47:06 [notice] 1#1: getrlimit(RLIMIT_NOFILE): 1048576:1048576
2020/05/21 21:48:06 [notice] 1#1: using the "epoll" event method
2020/05/21 21:48:06 [notice] 1#1: nginx/1.17.10
2020/05/21 21:48:06 [notice] 1#1: built by gcc 9.2.0 (Alpine 9.2.0) 
2020/05/21 21:48:06 [notice] 1#1: OS: Linux 4.19.76-linuxkit
2020/05/21 21:48:06 [notice] 1#1: getrlimit(RLIMIT_NOFILE): 1048576:1048576
2020/05/21 21:48:06 [notice] 6#6: start worker processes
2020/05/21 21:49:07 [notice] 1#1: using the "epoll" event method
2020/05/21 21:49:07 [notice] 1#1: nginx/1.17.10
2020/05/21 21:49:07 [notice] 1#1: built by gcc 9.2.0 (Alpine 9.2.0) 
2020/05/21 21:49:07 [notice] 1#1: OS: Linux 4.19.76-linuxkit
2020/05/21 21:49:07 [notice] 1#1: getrlimit(RLIMIT_NOFILE): 1048576:1048576
2020/05/21 21:50:07 [notice] 1#1: using the "epoll" event method
2020/05/21 21:50:07 [notice] 1#1: nginx/1.17.10
2020/05/21 21:50:07 [notice] 1#1: built by gcc 9.2.0 (Alpine 9.2.0) 
2020/05/21 21:50:07 [notice] 1#1: OS: Linux 4.19.76-linuxkit
2020/05/21 21:50:07 [notice] 1#1: getrlimit(RLIMIT_NOFILE): 1048576:1048576
2020/05/21 21:51:08 [notice] 1#1: using the "epoll" event method
2020/05/21 21:51:08 [notice] 1#1: nginx/1.17.10
2020/05/21 21:51:08 [notice] 1#1: built by gcc 9.2.0 (Alpine 9.2.0) 
2020/05/21 21:51:08 [notice] 1#1: OS: Linux 4.19.76-linuxkit
2020/05/21 21:51:08 [notice] 1#1: getrlimit(RLIMIT_NOFILE): 1048576:1048576
2020/05/21 21:51:08 [notice] 6#6: start worker processes
2020/05/21 21:51:08 [notice] 6#6: start worker process 7
2020/05/21 21:51:08 [notice] 6#6: start worker process 8
2020/05/21 21:52:08 [notice] 1#1: using the "epoll" event method
2020/05/21 21:52:08 [notice] 1#1: nginx/1.17.10
2020/05/21 21:52:08 [notice] 1#1: built by gcc 9.2.0 (Alpine 9.2.0) 
2020/05/21 21:52:08 [notice] 1#1: OS: Linux 4.19.76-linuxkit
2020/05/21 21:52:08 [notice] 1#1: getrlimit(RLIMIT_NOFILE): 1048576:1048576
2020/05/21 21:52:08 [notice] 6#6: start worker processes
2020/05/21 21:52:08 [notice] 6#6: start worker process 7
2020/05/21 21:53:08 [notice] 1#1: using the "epoll" event method
2020/05/21 21:53:08 [notice] 1#1: nginx/1.17.10
2020/05/21 21:53:08 [notice] 1#1: built by gcc 9.2.0 (Alpine 9.2.0) 
2020/05/21 21:53:08 [notice] 1#1: OS: Linux 4.19.76-linuxkit
2020/05/21 21:53:08 [notice] 1#1: getrlimit(RLIMIT_NOFILE): 1048576:1048576
2020/05/21 21:53:08 [notice] 6#6: start worker processes
2020/05/21 21:54:09 [notice] 1#1: using the "epoll" event method
2020/05/21 21:54:09 [notice] 1#1: nginx/1.17.10
2020/05/21 21:54:09 [notice] 1#1: built by gcc 9.2.0 (Alpine 9.2.0) 
2020/05/21 21:54:09 [notice] 1#1: OS: Linux 4.19.76-linuxkit
2020/05/21 21:54:09 [notice] 1#1: getrlimit(RLIMIT_NOFILE): 1048576:1048576
2020/05/21 21:55:09 [notice] 1#1: using the "epoll" event method
2020/05/21 21:55:09 [notice] 1#1: nginx/1.17.10
2020/05/21 21:55:09 [notice] 1#1: built by gcc 9.2.0 (Alpine 9.2.0) 
2020/05/21 21:55:09 [notice] 1#1: OS: Linux 4.19.76-linuxkit
2020/05/21 21:55:09 [notice] 1#1: getrlimit(RLIMIT_NOFILE): 1048576:1048576
2020/05/21 21:55:09 [notice] 6#6: start worker processes
2020/05/21 21:56:10 [notice] 1#1: using the "epoll" event method
2020/05/21 21:56:10 [notice] 1#1: nginx/1.17.10
2020/05/21 21:56:10 [notice] 1#1: built by gcc 9.2.0 (Alpine 9.2.0) 
2020/05/21 21:56:10 [notice] 1#1: OS: Linux 4.19.76-linuxkit
2020/05/21 21:56:10 [notice] 1#1: getrlimit(RLIMIT_NOFILE): 1048576:1048576
2020/05/21 21:57:12 [notice] 1#1: using the "epoll" event method
2020/05/21 21:57:12 [notice] 1#1: nginx/1.17.10
2020/05/21 21:57:12 [notice] 1#1: built by gcc 9.2.0 (Alpine 9.2.0) 
2020/05/21 21:57:12 [notice] 1#1: OS: Linux 4.19.76-linuxkit
2020/05/21 21:57:12 [notice] 1#1: getrlimit(RLIMIT_NOFILE): 1048576:1048576
2020/05/21 21:58:12 [notice] 1#1: using the "epoll" event method
2020/05/21 21:58:12 [notice] 1#1: nginx/1.17.10
2020/05/21 21:58:12 [notice] 1#1: built by gcc 9.2.0 (Alpine 9.2.0) 
2020/05/21 21:58:12 [notice] 1#1: OS: Linux 4.19.76-linuxkit
2020/05/21 21:58:12 [notice] 1#1: getrlimit(RLIMIT_NOFILE): 1048576:1048576
2020/05/21 21:59:13 [notice] 1#1: using the "epoll" event method
2020/05/21 21:59:13 [notice] 1#1: nginx/1.17.10
2020/05/21 21:59:13 [notice] 1#1: built by gcc 9.2.0 (Alpine 9.2.0) 
2020/05/21 21:59:13 [notice] 1#1: OS: Linux 4.19.76-linuxkit
2020/05/21 21:59:13 [notice] 1#1: getrlimit(RLIMIT_NOFILE): 1048576:1048576
2020/05/21 21:59:13 [notice] 6#6: start worker processes
2020/05/21 22:00:13 [notice] 1#1: using the "epoll" event method
2020/05/21 22:00:13 [notice] 1#1: nginx/1.17.10
2020/05/21 22:00:13 [notice] 1#1: built by gcc 9.2.0 (Alpine 9.2.0) 
2020/05/21 22:00:13 [notice] 1#1: OS: Linux 4.19.76-linuxkit
2020/05/21 22:00:13 [notice] 1#1: getrlimit(RLIMIT_NOFILE): 1048576:1048576
2020/05/21 22:00:13 [notice] 6#6: start worker processes
2020/05/21 22:01:14 [notice] 1#1: using the "epoll" event method
2020/05/21 22:01:14 [notice] 1#1: nginx/1.17.10
2020/05/21 22:01:14 [notice] 1#1: built by gcc 9.2.0 (Alpine 9.2.0) 
2020/05/21 22:01:14 [notice] 1#1: OS: Linux 4.19.76-linuxkit
2020/05/21 22:01:14 [notice] 1#1: getrlimit(RLIMIT_NOFILE): 1048576:1048576
2020/05/21 22:02:14 [notice] 1#1: using the "epoll" event method
2020/05/21 22:02:14 [notice] 1#1: nginx/1.17.10
2020/05/21 22:02:14 [notice] 1#1: built by gcc 9.2.0 (Alpine 9.2.0) 
2020/05/21 22:02:14 [notice] 1#1: OS: Linux 4.19.76-linuxkit
2020/05/21 22:02:14 [notice] 1#1: getrlimit(RLIMIT_NOFILE): 1048576:1048576
2020/05/21 22:02:14 [notice] 6#6: start worker processes
2020/05/21 22:03:15 [notice] 1#1: using the "epoll" event method
2020/05/21 22:03:15 [notice] 1#1: nginx/1.17.10
2020/05/21 22:03:15 [notice] 1#1: built by gcc 9.2.0 (Alpine 9.2.0) 
2020/05/21 22:03:15 [notice] 1#1: OS: Linux 4.19.76-linuxkit
2020/05/21 22:03:15 [notice] 1#1: getrlimit(RLIMIT_NOFILE): 1048576:1048576
2020/05/21 22:03:15 [notice] 6#6: start worker processes
2020/05/21 22:03:15 [notice] 6#6: start worker process 7
2020/05/21 22:03:15 [notice] 6#6: start worker process 8
2020/05/21 22:04:15 [notice] 1#1: using the "epoll" event method
2020/05/21 22:04:15 [notice] 1#1: nginx/1.17.10
2020/05/21 22:04:15 [notice] 1#1: built by gcc 9.2.0 (Alpine 9.2.0) 
2020/05/21 22:04:15 [notice] 1#1: OS: Linux 4.19.76-linuxkit
2020/05/21 22:04:15 [notice] 1#1: getrlimit(RLIMIT_NOFILE): 1048576:1048576
2020/05/21 22:05:16 [notice] 1#1: using the "epoll" event method
2020/05/21 22:05:16 [notice] 1#1: nginx/1.17.10
2020/05/21 22:05:16 [notice] 1#1: built by gcc 9.2.0 (Alpine 9.2.0) 
2020/05/21 22:05:16 [notice] 1#1: OS: Linux 4.19.76-linuxkit
2020/05/21 22:05:16 [notice] 1#1: getrlimit(RLIMIT_NOFILE): 1048576:1048576
2020/05/21 22:06:16 [notice] 1#1: using the "epoll" event method
2020/05/21 22:06:16 [notice] 1#1: nginx/1.17.10
2020/05/21 22:06:16 [notice] 1#1: built by gcc 9.2.0 (Alpine 9.2.0) 
2020/05/21 22:06:16 [notice] 1#1: OS: Linux 4.19.76-linuxkit
2020/05/21 22:06:16 [notice] 1#1: getrlimit(RLIMIT_NOFILE): 1048576:1048576
2020/05/21 22:07:16 [notice] 1#1: using the "epoll" event method
2020/05/21 22:07:16 [notice] 1#1: nginx/1.17.10
2020/05/21 22:07:16 [notice] 1#1: built by gcc 9.2.0 (Alpine 9.2.0) 
2020/05/21 22:07:16 [notice] 1#1: OS: Linux 4.19.76-linuxkit
2020/05/21 22:07:16 [notice] 1#1: getrlimit(RLIMIT_NOFILE): 1048576:1048576
2020/05/21 22:08:17 [notice] 1#1: using the "epoll" event method
2020/05/21 22:08:17 [notice] 1#1: nginx/1.17.10
2020/05/21 22:08:17 [notice] 1#1: built by gcc 9.2.0 (Alpine 9.2.0) 
2020/05/21 22:08:17 [notice] 1#1: OS: Linux 4.19.76-linuxkit
2020/05/21 22:08:17 [notice] 1#1: getrlimit(RLIMIT_NOFILE): 1048576:1048576
2020/05/21 22:09:18 [notice] 1#1: using the "epoll" event method
2020/05/21 22:09:18 [notice] 1#1: nginx/1.17.10
2020/05/21 22:09:18 [notice] 1#1: built by gcc 9.2.0 (Alpine 9.2.0) 
2020/05/21 22:09:18 [notice] 1#1: OS: Linux 4.19.76-linuxkit
2020/05/21 22:09:18 [notice] 1#1: getrlimit(RLIMIT_NOFILE): 1048576:1048576
2020/05/21 22:09:18 [notice] 6#6: start worker processes
2020/05/21 22:10:19 [notice] 1#1: using the "epoll" event method
2020/05/21 22:10:19 [notice] 1#1: nginx/1.17.10
2020/05/21 22:10:19 [notice] 1#1: built by gcc 9.2.0 (Alpine 9.2.0) 
2020/05/21 22:10:19 [notice] 1#1: OS: Linux 4.19.76-linuxkit
2020/05/21 22:10:19 [notice] 1#1: getrlimit(RLIMIT_NOFILE): 1048576:1048576
2020/05/21 22:10:19 [notice] 6#6: start worker processes
2020/05/21 22:11:19 [notice] 1#1: using the "epoll" event method
2020/05/21 22:11:19 [notice] 1#1: nginx/1.17.10
2020/05/21 22:11:19 [notice] 1#1: built by gcc 9.2.0 (Alpine 9.2.0) 
2020/05/21 22:11:19 [notice] 1#1: OS: Linux 4.19.76-linuxkit
2020/05/21 22:11:19 [notice] 1#1: getrlimit(RLIMIT_NOFILE): 1048576:1048576
2020/05/21 22:11:19 [notice] 6#6: start worker processes
2020/05/21 22:12:20 [notice] 1#1: using the "epoll" event method
2020/05/21 22:12:20 [notice] 1#1: nginx/1.17.10
2020/05/21 22:12:20 [notice] 1#1: built by gcc 9.2.0 (Alpine 9.2.0) 
2020/05/21 22:12:20 [notice] 1#1: OS: Linux 4.19.76-linuxkit
2020/05/21 22:12:20 [notice] 1#1: getrlimit(RLIMIT_NOFILE): 1048576:1048576
2020/05/21 22:12:20 [notice] 6#6: start worker processes
2020/05/21 22:12:20 [notice] 6#6: start worker process 7
2020/05/21 22:13:20 [notice] 1#1: using the "epoll" event method
2020/05/21 22:13:20 [notice] 1#1: nginx/1.17.10
2020/05/21 22:13:20 [notice] 1#1: built by gcc 9.2.0 (Alpine 9.2.0) 
2020/05/21 22:13:20 [notice] 1#1: OS: Linux 4.19.76-linuxkit
2020/05/21 22:13:20 [notice] 1#1: getrlimit(RLIMIT_NOFILE): 1048576:1048576
2020/05/21 22:14:21 [notice] 1#1: using the "epoll" event method
2020/05/21 22:14:21 [notice] 1#1: nginx/1.17.10
2020/05/21 22:14:21 [notice] 1#1: built by gcc 9.2.0 (Alpine 9.2.0) 
2020/05/21 22:14:21 [notice] 1#1: OS: Linux 4.19.76-linuxkit
2020/05/21 22:14:21 [notice] 1#1: getrlimit(RLIMIT_NOFILE): 1048576:1048576
2020/05/21 22:14:21 [notice] 6#6: start worker processes
2020/05/21 22:15:21 [notice] 1#1: using the "epoll" event method
2020/05/21 22:15:21 [notice] 1#1: nginx/1.17.10
2020/05/21 22:15:21 [notice] 1#1: built by gcc 9.2.0 (Alpine 9.2.0) 
2020/05/21 22:15:21 [notice] 1#1: OS: Linux 4.19.76-linuxkit
2020/05/21 22:15:21 [notice] 1#1: getrlimit(RLIMIT_NOFILE): 1048576:1048576
2020/05/21 22:15:21 [notice] 6#6: start worker processes
2020/05/22 00:57:03 [notice] 1#1: using the "epoll" event method
2020/05/22 00:57:03 [notice] 1#1: nginx/1.17.10
2020/05/22 00:57:03 [notice] 1#1: built by gcc 9.2.0 (Alpine 9.2.0) 
2020/05/22 00:57:03 [notice] 1#1: OS: Linux 4.19.76-linuxkit
2020/05/22 00:57:03 [notice] 1#1: getrlimit(RLIMIT_NOFILE): 1048576:1048576
2020/05/22 00:57:03 [notice] 6#6: start worker processes
2020/05/22 00:58:03 [notice] 1#1: using the "epoll" event method
2020/05/22 00:58:03 [notice] 1#1: nginx/1.17.10
2020/05/22 00:58:03 [notice] 1#1: built by gcc 9.2.0 (Alpine 9.2.0) 
2020/05/22 00:58:03 [notice] 1#1: OS: Linux 4.19.76-linuxkit
2020/05/22 00:58:03 [notice] 1#1: getrlimit(RLIMIT_NOFILE): 1048576:1048576
2020/05/22 00:59:04 [notice] 1#1: using the "epoll" event method
2020/05/22 00:59:04 [notice] 1#1: nginx/1.17.10
2020/05/22 00:59:04 [notice] 1#1: built by gcc 9.2.0 (Alpine 9.2.0) 
2020/05/22 00:59:04 [notice] 1#1: OS: Linux 4.19.76-linuxkit
2020/05/22 00:59:04 [notice] 1#1: getrlimit(RLIMIT_NOFILE): 1048576:1048576
2020/05/22 00:59:04 [notice] 6#6: start worker processes
2020/05/22 00:59:04 [notice] 6#6: start worker process 7
2020/05/22 01:00:04 [notice] 1#1: using the "epoll" event method
2020/05/22 01:00:04 [notice] 1#1: nginx/1.17.10
2020/05/22 01:00:04 [notice] 1#1: built by gcc 9.2.0 (Alpine 9.2.0) 
2020/05/22 01:00:04 [notice] 1#1: OS: Linux 4.19.76-linuxkit
2020/05/22 01:00:04 [notice] 1#1: getrlimit(RLIMIT_NOFILE): 1048576:1048576
2020/05/22 01:00:04 [notice] 6#6: start worker processes
2020/05/22 01:00:04 [notice] 6#6: start worker process 7
2020/05/22 01:01:05 [notice] 1#1: using the "epoll" event method
2020/05/22 01:01:05 [notice] 1#1: nginx/1.17.10
2020/05/22 01:01:05 [notice] 1#1: built by gcc 9.2.0 (Alpine 9.2.0) 
2020/05/22 01:01:05 [notice] 1#1: OS: Linux 4.19.76-linuxkit
2020/05/22 01:01:05 [notice] 1#1: getrlimit(RLIMIT_NOFILE): 1048576:1048576
2020/05/22 01:01:05 [notice] 6#6: start worker processes
2020/05/22 01:02:05 [notice] 1#1: using the "epoll" event method
2020/05/22 01:02:05 [notice] 1#1: nginx/1.17.10
2020/05/22 01:02:05 [notice] 1#1: built by gcc 9.2.0 (Alpine 9.2.0) 
2020/05/22 01:02:05 [notice] 1#1: OS: Linux 4.19.76-linuxkit
2020/05/22 01:02:05 [notice] 1#1: getrlimit(RLIMIT_NOFILE): 1048576:1048576
2020/05/22 02:15:10 [notice] 1#1: using the "epoll" event method
2020/05/22 02:15:10 [notice] 1#1: nginx/1.17.10
2020/05/22 02:15:10 [notice] 1#1: built by gcc 9.2.0 (Alpine 9.2.0) 
2020/05/22 02:15:10 [notice] 1#1: OS: Linux 4.19.76-linuxkit
2020/05/22 02:15:10 [notice] 1#1: getrlimit(RLIMIT_NOFILE): 1048576:1048576
2020/05/22 02:15:10 [notice] 7#7: start worker processes
2020/05/22 02:16:11 [notice] 1#1: using the "epoll" event method
2020/05/22 02:16:11 [notice] 1#1: nginx/1.17.10
2020/05/22 02:16:11 [notice] 1#1: built by gcc 9.2.0 (Alpine 9.2.0) 
2020/05/22 02:16:11 [notice] 1#1: OS: Linux 4.19.76-linuxkit
2020/05/22 02:16:11 [notice] 1#1: getrlimit(RLIMIT_NOFILE): 1048576:1048576
2020/05/22 02:17:11 [notice] 1#1: using the "epoll" event method
2020/05/22 02:17:11 [notice] 1#1: nginx/1.17.10
2020/05/22 02:17:11 [notice] 1#1: built by gcc 9.2.0 (Alpine 9.2.0) 
2020/05/22 02:17:11 [notice] 1#1: OS: Linux 4.19.76-linuxkit
2020/05/22 02:17:11 [notice] 1#1: getrlimit(RLIMIT_NOFILE): 1048576:1048576
2020/05/22 02:17:11 [notice] 6#6: start worker processes
2020/05/22 02:18:12 [notice] 1#1: using the "epoll" event method
2020/05/22 02:18:12 [notice] 1#1: nginx/1.17.10
2020/05/22 02:18:12 [notice] 1#1: built by gcc 9.2.0 (Alpine 9.2.0) 
2020/05/22 02:18:12 [notice] 1#1: OS: Linux 4.19.76-linuxkit
2020/05/22 02:18:12 [notice] 1#1: getrlimit(RLIMIT_NOFILE): 1048576:1048576
2020/05/22 02:19:14 [notice] 1#1: using the "epoll" event method
2020/05/22 02:19:14 [notice] 1#1: nginx/1.17.10
2020/05/22 02:19:14 [notice] 1#1: built by gcc 9.2.0 (Alpine 9.2.0) 
2020/05/22 02:19:14 [notice] 1#1: OS: Linux 4.19.76-linuxkit
2020/05/22 02:19:14 [notice] 1#1: getrlimit(RLIMIT_NOFILE): 1048576:1048576
2020/05/22 02:19:14 [notice] 6#6: start worker processes
2020/05/22 02:25:39 [notice] 1#1: using the "epoll" event method
2020/05/22 02:25:39 [notice] 1#1: nginx/1.17.10
2020/05/22 02:25:39 [notice] 1#1: built by gcc 9.2.0 (Alpine 9.2.0) 
2020/05/22 02:25:39 [notice] 1#1: OS: Linux 4.19.76-linuxkit
2020/05/22 02:25:39 [notice] 1#1: getrlimit(RLIMIT_NOFILE): 1048576:1048576
2020/05/22 02:25:40 [notice] 1#1: using the "epoll" event method
2020/05/22 02:25:40 [notice] 1#1: nginx/1.17.10
2020/05/22 02:25:40 [notice] 1#1: built by gcc 9.2.0 (Alpine 9.2.0) 
2020/05/22 02:25:40 [notice] 1#1: OS: Linux 4.19.76-linuxkit
2020/05/22 02:25:40 [notice] 1#1: getrlimit(RLIMIT_NOFILE): 1048576:1048576
2020/05/22 02:25:40 [notice] 6#6: start worker processes
2020/05/22 02:25:40 [notice] 6#6: start worker process 7
2020/05/22 02:25:41 [notice] 1#1: using the "epoll" event method
2020/05/22 02:25:41 [notice] 1#1: nginx/1.17.10
2020/05/22 02:25:41 [notice] 1#1: built by gcc 9.2.0 (Alpine 9.2.0) 
2020/05/22 02:25:41 [notice] 1#1: OS: Linux 4.19.76-linuxkit
2020/05/22 02:25:41 [notice] 1#1: getrlimit(RLIMIT_NOFILE): 1048576:1048576
2020/05/22 02:25:41 [notice] 6#6: start worker processes
2020/05/22 02:25:41 [notice] 1#1: using the "epoll" event method
2020/05/22 02:25:41 [notice] 1#1: nginx/1.17.10
2020/05/22 02:25:41 [notice] 1#1: built by gcc 9.2.0 (Alpine 9.2.0) 
2020/05/22 02:25:41 [notice] 1#1: OS: Linux 4.19.76-linuxkit
2020/05/22 02:25:41 [notice] 1#1: getrlimit(RLIMIT_NOFILE): 1048576:1048576
2020/05/22 02:25:43 [notice] 1#1: using the "epoll" event method
2020/05/22 02:25:43 [notice] 1#1: nginx/1.17.10
2020/05/22 02:25:43 [notice] 1#1: built by gcc 9.2.0 (Alpine 9.2.0) 
2020/05/22 02:25:43 [notice] 1#1: OS: Linux 4.19.76-linuxkit
2020/05/22 02:25:43 [notice] 1#1: getrlimit(RLIMIT_NOFILE): 1048576:1048576
2020/05/22 02:25:43 [notice] 6#6: start worker processes
2020/05/22 02:25:45 [notice] 1#1: using the "epoll" event method
2020/05/22 02:25:45 [notice] 1#1: nginx/1.17.10
2020/05/22 02:25:45 [notice] 1#1: built by gcc 9.2.0 (Alpine 9.2.0) 
2020/05/22 02:25:45 [notice] 1#1: OS: Linux 4.19.76-linuxkit
2020/05/22 02:25:45 [notice] 1#1: getrlimit(RLIMIT_NOFILE): 1048576:1048576
2020/05/22 02:25:48 [notice] 1#1: using the "epoll" event method
2020/05/22 02:25:48 [notice] 1#1: nginx/1.17.10
2020/05/22 02:25:48 [notice] 1#1: built by gcc 9.2.0 (Alpine 9.2.0) 
2020/05/22 02:25:48 [notice] 1#1: OS: Linux 4.19.76-linuxkit
2020/05/22 02:25:48 [notice] 1#1: getrlimit(RLIMIT_NOFILE): 1048576:1048576
2020/05/22 02:25:48 [notice] 6#6: start worker processes
2020/05/22 02:25:55 [notice] 1#1: using the "epoll" event method
2020/05/22 02:25:55 [notice] 1#1: nginx/1.17.10
2020/05/22 02:25:55 [notice] 1#1: built by gcc 9.2.0 (Alpine 9.2.0) 
2020/05/22 02:25:55 [notice] 1#1: OS: Linux 4.19.76-linuxkit
2020/05/22 02:25:55 [notice] 1#1: getrlimit(RLIMIT_NOFILE): 1048576:1048576
2020/05/22 02:26:08 [notice] 1#1: using the "epoll" event method
2020/05/22 02:26:08 [notice] 1#1: nginx/1.17.10
2020/05/22 02:26:08 [notice] 1#1: built by gcc 9.2.0 (Alpine 9.2.0) 
2020/05/22 02:26:08 [notice] 1#1: OS: Linux 4.19.76-linuxkit
2020/05/22 02:26:08 [notice] 1#1: getrlimit(RLIMIT_NOFILE): 1048576:1048576
2020/05/22 02:26:35 [notice] 1#1: using the "epoll" event method
2020/05/22 02:26:35 [notice] 1#1: nginx/1.17.10
2020/05/22 02:26:35 [notice] 1#1: built by gcc 9.2.0 (Alpine 9.2.0) 
2020/05/22 02:26:35 [notice] 1#1: OS: Linux 4.19.76-linuxkit
2020/05/22 02:26:35 [notice] 1#1: getrlimit(RLIMIT_NOFILE): 1048576:1048576
2020/05/22 02:26:35 [notice] 7#7: start worker processes
2020/05/22 02:26:35 [notice] 7#7: start worker process 8
2020/05/22 02:27:26 [notice] 1#1: using the "epoll" event method
2020/05/22 02:27:26 [notice] 1#1: nginx/1.17.10
2020/05/22 02:27:26 [notice] 1#1: built by gcc 9.2.0 (Alpine 9.2.0) 
2020/05/22 02:27:26 [notice] 1#1: OS: Linux 4.19.76-linuxkit
2020/05/22 02:27:26 [notice] 1#1: getrlimit(RLIMIT_NOFILE): 1048576:1048576
2020/05/22 02:27:26 [notice] 6#6: start worker processes
2020/05/22 02:28:27 [notice] 1#1: using the "epoll" event method
2020/05/22 02:28:27 [notice] 1#1: nginx/1.17.10
2020/05/22 02:28:27 [notice] 1#1: built by gcc 9.2.0 (Alpine 9.2.0) 
2020/05/22 02:28:27 [notice] 1#1: OS: Linux 4.19.76-linuxkit
2020/05/22 02:28:27 [notice] 1#1: getrlimit(RLIMIT_NOFILE): 1048576:1048576
2020/05/22 02:29:27 [notice] 1#1: using the "epoll" event method
2020/05/22 02:29:27 [notice] 1#1: nginx/1.17.10
2020/05/22 02:29:27 [notice] 1#1: built by gcc 9.2.0 (Alpine 9.2.0) 
2020/05/22 02:29:27 [notice] 1#1: OS: Linux 4.19.76-linuxkit
2020/05/22 02:29:27 [notice] 1#1: getrlimit(RLIMIT_NOFILE): 1048576:1048576
2020/05/22 02:30:28 [notice] 1#1: using the "epoll" event method
2020/05/22 02:30:28 [notice] 1#1: nginx/1.17.10
2020/05/22 02:30:28 [notice] 1#1: built by gcc 9.2.0 (Alpine 9.2.0) 
2020/05/22 02:30:28 [notice] 1#1: OS: Linux 4.19.76-linuxkit
2020/05/22 02:30:28 [notice] 1#1: getrlimit(RLIMIT_NOFILE): 1048576:1048576
2020/05/22 02:30:28 [notice] 6#6: start worker processes
2020/05/22 02:31:28 [notice] 1#1: using the "epoll" event method
2020/05/22 02:31:28 [notice] 1#1: nginx/1.17.10
2020/05/22 02:31:28 [notice] 1#1: built by gcc 9.2.0 (Alpine 9.2.0) 
2020/05/22 02:31:28 [notice] 1#1: OS: Linux 4.19.76-linuxkit
2020/05/22 02:31:28 [notice] 1#1: getrlimit(RLIMIT_NOFILE): 1048576:1048576
2020/05/22 02:31:28 [notice] 6#6: start worker processes
2020/05/22 02:52:35 [notice] 1#1: using the "epoll" event method
2020/05/22 02:52:35 [notice] 1#1: nginx/1.18.0
2020/05/22 02:52:35 [notice] 1#1: built by gcc 9.2.0 (Alpine 9.2.0) 
2020/05/22 02:52:35 [notice] 1#1: OS: Linux 4.19.76-linuxkit
2020/05/22 02:52:35 [notice] 1#1: getrlimit(RLIMIT_NOFILE): 1048576:1048576
2020/05/22 02:52:35 [notice] 6#6: start worker processes
2020/05/22 02:52:36 [notice] 1#1: using the "epoll" event method
2020/05/22 02:52:36 [notice] 1#1: nginx/1.18.0
2020/05/22 02:52:36 [notice] 1#1: built by gcc 9.2.0 (Alpine 9.2.0) 
2020/05/22 02:52:36 [notice] 1#1: OS: Linux 4.19.76-linuxkit
2020/05/22 02:52:36 [notice] 1#1: getrlimit(RLIMIT_NOFILE): 1048576:1048576
2020/05/22 02:52:37 [notice] 1#1: using the "epoll" event method
2020/05/22 02:52:37 [notice] 1#1: nginx/1.18.0
2020/05/22 02:52:37 [notice] 1#1: built by gcc 9.2.0 (Alpine 9.2.0) 
2020/05/22 02:52:37 [notice] 1#1: OS: Linux 4.19.76-linuxkit
2020/05/22 02:52:37 [notice] 1#1: getrlimit(RLIMIT_NOFILE): 1048576:1048576
2020/05/22 02:52:38 [notice] 1#1: using the "epoll" event method
2020/05/22 02:52:38 [notice] 1#1: nginx/1.18.0
2020/05/22 02:52:38 [notice] 1#1: built by gcc 9.2.0 (Alpine 9.2.0) 
2020/05/22 02:52:38 [notice] 1#1: OS: Linux 4.19.76-linuxkit
2020/05/22 02:52:38 [notice] 1#1: getrlimit(RLIMIT_NOFILE): 1048576:1048576
2020/05/22 02:52:38 [notice] 6#6: start worker processes
2020/05/22 02:52:39 [notice] 1#1: using the "epoll" event method
2020/05/22 02:52:39 [notice] 1#1: nginx/1.18.0
2020/05/22 02:52:39 [notice] 1#1: built by gcc 9.2.0 (Alpine 9.2.0) 
2020/05/22 02:52:39 [notice] 1#1: OS: Linux 4.19.76-linuxkit
2020/05/22 02:52:39 [notice] 1#1: getrlimit(RLIMIT_NOFILE): 1048576:1048576
2020/05/22 02:52:39 [notice] 6#6: start worker processes
2020/05/22 02:52:41 [notice] 1#1: using the "epoll" event method
2020/05/22 02:52:41 [notice] 1#1: nginx/1.18.0
2020/05/22 02:52:41 [notice] 1#1: built by gcc 9.2.0 (Alpine 9.2.0) 
2020/05/22 02:52:41 [notice] 1#1: OS: Linux 4.19.76-linuxkit
2020/05/22 02:52:41 [notice] 1#1: getrlimit(RLIMIT_NOFILE): 1048576:1048576
2020/05/22 02:52:41 [notice] 6#6: start worker processes
2020/05/22 02:52:45 [notice] 1#1: using the "epoll" event method
2020/05/22 02:52:45 [notice] 1#1: nginx/1.18.0
2020/05/22 02:52:45 [notice] 1#1: built by gcc 9.2.0 (Alpine 9.2.0) 
2020/05/22 02:52:45 [notice] 1#1: OS: Linux 4.19.76-linuxkit
2020/05/22 02:52:45 [notice] 1#1: getrlimit(RLIMIT_NOFILE): 1048576:1048576
2020/05/22 02:52:52 [notice] 1#1: using the "epoll" event method
2020/05/22 02:52:52 [notice] 1#1: nginx/1.18.0
2020/05/22 02:52:52 [notice] 1#1: built by gcc 9.2.0 (Alpine 9.2.0) 
2020/05/22 02:52:52 [notice] 1#1: OS: Linux 4.19.76-linuxkit
2020/05/22 02:52:52 [notice] 1#1: getrlimit(RLIMIT_NOFILE): 1048576:1048576
2020/05/22 02:53:05 [notice] 1#1: using the "epoll" event method
2020/05/22 02:53:05 [notice] 1#1: nginx/1.18.0
2020/05/22 02:53:05 [notice] 1#1: built by gcc 9.2.0 (Alpine 9.2.0) 
2020/05/22 02:53:05 [notice] 1#1: OS: Linux 4.19.76-linuxkit
2020/05/22 02:53:05 [notice] 1#1: getrlimit(RLIMIT_NOFILE): 1048576:1048576
2020/05/22 02:53:05 [notice] 6#6: start worker processes
2020/05/22 02:53:05 [notice] 6#6: start worker process 7
2020/05/22 02:53:31 [notice] 1#1: using the "epoll" event method
2020/05/22 02:53:31 [notice] 1#1: nginx/1.18.0
2020/05/22 02:53:31 [notice] 1#1: built by gcc 9.2.0 (Alpine 9.2.0) 
2020/05/22 02:53:31 [notice] 1#1: OS: Linux 4.19.76-linuxkit
2020/05/22 02:53:31 [notice] 1#1: getrlimit(RLIMIT_NOFILE): 1048576:1048576
2020/05/22 02:54:23 [notice] 1#1: using the "epoll" event method
2020/05/22 02:54:23 [notice] 1#1: nginx/1.18.0
2020/05/22 02:54:23 [notice] 1#1: built by gcc 9.2.0 (Alpine 9.2.0) 
2020/05/22 02:54:23 [notice] 1#1: OS: Linux 4.19.76-linuxkit
2020/05/22 02:54:23 [notice] 1#1: getrlimit(RLIMIT_NOFILE): 1048576:1048576
2020/05/22 02:54:23 [notice] 6#6: start worker processes
2020/05/22 02:55:23 [notice] 1#1: using the "epoll" event method
2020/05/22 02:55:23 [notice] 1#1: nginx/1.18.0
2020/05/22 02:55:23 [notice] 1#1: built by gcc 9.2.0 (Alpine 9.2.0) 
2020/05/22 02:55:23 [notice] 1#1: OS: Linux 4.19.76-linuxkit
2020/05/22 02:55:23 [notice] 1#1: getrlimit(RLIMIT_NOFILE): 1048576:1048576
2020/05/22 02:55:23 [notice] 6#6: start worker processes
2020/05/22 02:56:25 [notice] 1#1: using the "epoll" event method
2020/05/22 02:56:25 [notice] 1#1: nginx/1.18.0
2020/05/22 02:56:25 [notice] 1#1: built by gcc 9.2.0 (Alpine 9.2.0) 
2020/05/22 02:56:25 [notice] 1#1: OS: Linux 4.19.76-linuxkit
2020/05/22 02:56:25 [notice] 1#1: getrlimit(RLIMIT_NOFILE): 1048576:1048576
2020/05/22 02:56:25 [notice] 6#6: start worker processes
2020/05/22 02:57:25 [notice] 1#1: using the "epoll" event method
2020/05/22 02:57:25 [notice] 1#1: nginx/1.18.0
2020/05/22 02:57:25 [notice] 1#1: built by gcc 9.2.0 (Alpine 9.2.0) 
2020/05/22 02:57:25 [notice] 1#1: OS: Linux 4.19.76-linuxkit
2020/05/22 02:57:25 [notice] 1#1: getrlimit(RLIMIT_NOFILE): 1048576:1048576
2020/05/22 02:57:25 [notice] 6#6: start worker processes
2020/05/22 02:58:26 [notice] 1#1: using the "epoll" event method
2020/05/22 02:58:26 [notice] 1#1: nginx/1.18.0
2020/05/22 02:58:26 [notice] 1#1: built by gcc 9.2.0 (Alpine 9.2.0) 
2020/05/22 02:58:26 [notice] 1#1: OS: Linux 4.19.76-linuxkit
2020/05/22 02:58:26 [notice] 1#1: getrlimit(RLIMIT_NOFILE): 1048576:1048576
2020/05/22 02:59:27 [notice] 1#1: using the "epoll" event method
2020/05/22 02:59:27 [notice] 1#1: nginx/1.18.0
2020/05/22 02:59:27 [notice] 1#1: built by gcc 9.2.0 (Alpine 9.2.0) 
2020/05/22 02:59:27 [notice] 1#1: OS: Linux 4.19.76-linuxkit
2020/05/22 02:59:27 [notice] 1#1: getrlimit(RLIMIT_NOFILE): 1048576:1048576
2020/05/22 03:00:21 [notice] 1#1: using the "epoll" event method
2020/05/22 03:00:21 [notice] 1#1: nginx/1.17.10
2020/05/22 03:00:21 [notice] 1#1: built by gcc 9.2.0 (Alpine 9.2.0) 
2020/05/22 03:00:21 [notice] 1#1: OS: Linux 4.19.76-linuxkit
2020/05/22 03:00:21 [notice] 1#1: getrlimit(RLIMIT_NOFILE): 1048576:1048576
2020/05/22 03:00:21 [notice] 1#1: start worker processes
2020/05/22 03:00:21 [notice] 1#1: start worker process 6
2020/05/22 03:00:21 [notice] 1#1: start worker process 7
2020/05/22 03:03:13 [error] 6#6: *1 connect() failed (111: Connection refused) while connecting to upstream, client: 192.168.80.1, server: soapboxtest.com, request: "GET / HTTP/1.1", upstream: "fastcgi://192.168.80.2:9000", host: "soapboxtest.com"
2020/05/22 03:03:14 [error] 6#6: *1 connect() failed (111: Connection refused) while connecting to upstream, client: 192.168.80.1, server: soapboxtest.com, request: "GET / HTTP/1.1", upstream: "fastcgi://192.168.80.2:9000", host: "soapboxtest.com"
2020/05/22 03:22:09 [notice] 1#1: signal 15 (SIGTERM) received, exiting
2020/05/22 03:22:09 [notice] 7#7: exiting
2020/05/22 03:22:09 [notice] 6#6: exiting
2020/05/22 03:22:09 [notice] 7#7: exit
2020/05/22 03:22:09 [notice] 6#6: exit
2020/05/22 03:22:09 [notice] 1#1: signal 17 (SIGCHLD) received from 7
2020/05/22 03:22:09 [notice] 1#1: worker process 7 exited with code 0
2020/05/22 03:22:09 [notice] 1#1: signal 29 (SIGIO) received
2020/05/22 03:22:09 [notice] 1#1: signal 17 (SIGCHLD) received from 6
2020/05/22 03:22:09 [notice] 1#1: worker process 6 exited with code 0
2020/05/22 03:22:09 [notice] 1#1: exit
2020/05/22 03:29:21 [notice] 1#1: using the "epoll" event method
2020/05/22 03:29:21 [notice] 1#1: nginx/1.17.10
2020/05/22 03:29:21 [notice] 1#1: built by gcc 9.2.0 (Alpine 9.2.0) 
2020/05/22 03:29:21 [notice] 1#1: OS: Linux 4.19.76-linuxkit
2020/05/22 03:29:21 [notice] 1#1: getrlimit(RLIMIT_NOFILE): 1048576:1048576
2020/05/22 03:29:21 [notice] 1#1: start worker processes
2020/05/22 03:29:21 [notice] 1#1: start worker process 6
2020/05/22 03:29:21 [notice] 1#1: start worker process 7
2020/05/22 03:45:10 [error] 6#6: *33 connect() failed (111: Connection refused) while connecting to upstream, client: 192.168.96.1, server: soapboxtest.com, request: "GET /users HTTP/1.1", upstream: "fastcgi://192.168.96.2:9000", host: "soapboxtest.com"
2020/05/22 03:45:25 [notice] 1#1: signal 15 (SIGTERM) received, exiting
2020/05/22 03:45:27 [notice] 7#7: exiting
2020/05/22 03:45:27 [notice] 6#6: exiting
2020/05/22 03:45:27 [notice] 7#7: exit
2020/05/22 03:45:27 [notice] 6#6: exit
2020/05/22 03:45:27 [notice] 1#1: signal 17 (SIGCHLD) received from 7
2020/05/22 03:45:27 [notice] 1#1: worker process 7 exited with code 0
2020/05/22 03:45:27 [notice] 1#1: worker process 6 exited with code 0
2020/05/22 03:45:27 [notice] 1#1: exit
2020/05/22 03:47:32 [emerg] 1#1: host not found in upstream "laravel_app" in /etc/nginx/conf.d/app.conf:13
2020/05/22 03:47:33 [emerg] 1#1: host not found in upstream "laravel_app" in /etc/nginx/conf.d/app.conf:13
2020/05/22 03:47:35 [emerg] 1#1: host not found in upstream "laravel_app" in /etc/nginx/conf.d/app.conf:13
2020/05/22 03:47:37 [emerg] 1#1: host not found in upstream "laravel_app" in /etc/nginx/conf.d/app.conf:13
2020/05/22 03:47:39 [emerg] 1#1: host not found in upstream "laravel_app" in /etc/nginx/conf.d/app.conf:13
2020/05/22 03:47:42 [emerg] 1#1: host not found in upstream "laravel_app" in /etc/nginx/conf.d/app.conf:13
2020/05/22 03:47:46 [emerg] 1#1: host not found in upstream "laravel_app" in /etc/nginx/conf.d/app.conf:13
2020/05/22 03:47:54 [emerg] 1#1: host not found in upstream "laravel_app" in /etc/nginx/conf.d/app.conf:13
2020/05/22 03:48:08 [emerg] 1#1: host not found in upstream "laravel_app" in /etc/nginx/conf.d/app.conf:13
2020/05/22 03:48:35 [emerg] 1#1: host not found in upstream "laravel_app" in /etc/nginx/conf.d/app.conf:13
2020/05/22 03:49:28 [emerg] 1#1: host not found in upstream "laravel_app" in /etc/nginx/conf.d/app.conf:13
2020/05/22 03:50:30 [emerg] 1#1: host not found in upstream "laravel_app" in /etc/nginx/conf.d/app.conf:13
2020/05/22 03:56:10 [notice] 1#1: using the "epoll" event method
2020/05/22 03:56:10 [notice] 1#1: nginx/1.17.10
2020/05/22 03:56:10 [notice] 1#1: built by gcc 9.2.0 (Alpine 9.2.0) 
2020/05/22 03:56:10 [notice] 1#1: OS: Linux 4.19.76-linuxkit
2020/05/22 03:56:10 [notice] 1#1: getrlimit(RLIMIT_NOFILE): 1048576:1048576
2020/05/22 03:56:10 [notice] 1#1: start worker processes
2020/05/22 03:56:10 [notice] 1#1: start worker process 6
2020/05/22 03:56:10 [notice] 1#1: start worker process 7
2020/05/22 14:27:01 [notice] 1#1: signal 15 (SIGTERM) received, exiting
2020/05/22 14:27:01 [notice] 6#6: exiting
2020/05/22 14:27:01 [notice] 6#6: exit
2020/05/22 14:27:01 [notice] 7#7: exiting
2020/05/22 14:27:01 [notice] 7#7: exit
2020/05/22 14:27:01 [notice] 1#1: signal 17 (SIGCHLD) received from 6
2020/05/22 14:27:01 [notice] 1#1: worker process 6 exited with code 0
2020/05/22 14:27:01 [notice] 1#1: worker process 7 exited with code 0
2020/05/22 14:27:01 [notice] 1#1: exit
2020/05/22 15:11:11 [emerg] 1#1: "pid" directive is duplicate in /etc/nginx/nginx.conf:6
2020/05/22 15:11:12 [emerg] 1#1: "pid" directive is duplicate in /etc/nginx/nginx.conf:6
2020/05/22 15:11:13 [emerg] 1#1: "pid" directive is duplicate in /etc/nginx/nginx.conf:6
2020/05/22 15:11:14 [emerg] 1#1: "pid" directive is duplicate in /etc/nginx/nginx.conf:6
2020/05/22 15:11:15 [emerg] 1#1: "pid" directive is duplicate in /etc/nginx/nginx.conf:6
2020/05/22 15:11:17 [emerg] 1#1: "pid" directive is duplicate in /etc/nginx/nginx.conf:6
2020/05/22 15:11:21 [emerg] 1#1: "pid" directive is duplicate in /etc/nginx/nginx.conf:6
2020/05/22 15:11:27 [emerg] 1#1: "pid" directive is duplicate in /etc/nginx/nginx.conf:6
2020/05/22 15:11:41 [emerg] 1#1: "pid" directive is duplicate in /etc/nginx/nginx.conf:6
2020/05/22 15:12:07 [emerg] 1#1: "pid" directive is duplicate in /etc/nginx/nginx.conf:6
